[37m[11/14/2022, 7:59:57 AM][0m [36m[HB Supervisor][0m Homebridge Storage Path: /Users/siam/.homebridge
[37m[11/14/2022, 7:59:59 AM][0m [36m[HB Supervisor][0m Homebridge Config Path: /Users/siam/.homebridge/config.json
[37m[11/14/2022, 7:59:59 AM][0m [36m[HB Supervisor][0m Logging to /Users/siam/.homebridge/homebridge.log
[37m[11/14/2022, 7:59:59 AM][0m [36m[HB Supervisor][0m OS: Darwin 22.1.0 arm64
[37m[11/14/2022, 7:59:59 AM][0m [36m[HB Supervisor][0m Node.js v19.0.1 /opt/homebrew/Cellar/node/19.0.1/bin/node
[37m[11/14/2022, 7:59:59 AM][0m [36m[HB Supervisor][0m Homebridge Path: /opt/homebrew/lib/node_modules/homebridge/bin/homebridge
[37m[11/14/2022, 7:59:59 AM][0m [36m[HB Supervisor][0m UI Path: /opt/homebrew/lib/node_modules/homebridge-config-ui-x/dist/bin/standalone.js
[0;37m[11/14/2022, 8:00:03 AM] [0m[0;36m[Homebridge UI][0m [0;33mHomebridge Config UI X v4.50.2 is listening on :: port 8581[0m
[37m[11/14/2022, 8:00:03 AM][0m [36m[HB Supervisor][0m Starting Homebridge with extra flags: -I
[37m[11/14/2022, 8:00:03 AM][0m [36m[HB Supervisor][0m Started Homebridge v1.5.1 with PID: 1090
[37m[11/14/2022, 8:00:03 AM] [39mLoaded config.json with 0 accessories and 1 platforms.
[37m[11/14/2022, 8:00:03 AM] [39m---
[37m[11/14/2022, 8:00:04 AM] [39mLoaded plugin: homebridge-config-ui-x@4.50.2
[37m[11/14/2022, 8:00:04 AM] [39mRegistering platform 'homebridge-config-ui-x.config'
[37m[11/14/2022, 8:00:04 AM] [39m---
[37m[11/14/2022, 8:00:04 AM] [39mLoaded plugin: homebridge-tuya@2.0.1
[37m[11/14/2022, 8:00:04 AM] [39mRegistering platform 'homebridge-tuya.TuyaLan'
[37m[11/14/2022, 8:00:04 AM] [39m---
[37m[11/14/2022, 8:00:04 AM] [39mLoaded plugin: homebridge-tuya-platform@1.5.0
[37m[11/14/2022, 8:00:04 AM] [39mRegistering platform 'homebridge-tuya-platform.TuyaPlatform'
[37m[11/14/2022, 8:00:04 AM] [39m---
[37m[11/14/2022, 8:00:04 AM] [39mLoading 1 platforms...
Setup Payload:
X-HM://0024QB0JS08K4
Enter this code with your HomeKit app on your iOS device to pair with Homebridge:
[30m[47m                       [49m[39m
[30m[47m    ┌────────────┐     [49m[39m
[30m[47m    │ 762-10-568 │     [49m[39m
[30m[47m    └────────────┘     [49m[39m
[30m[47m                       [49m[39m
[37m[11/14/2022, 8:00:04 AM] [39mHomebridge v1.5.1 (HAP v0.10.4) (Homebridge 933B) is running on port 51172.
